2022-06-30 01:16:43,538 - Velocimacro : added VM includeOutput: source=/templates/macros/json/output.vm
2022-06-30 01:16:43,539 - ResourceManager : found /templates/macros/json/output.vm with loader org.apache.velocity.runtime.resource.loader.ClasspathResourceLoader
2022-06-30 01:16:43,539 - Velocimacro : added VM includeMessage: source=/templates/macros/json/message.vm
2022-06-30 01:16:43,539 - ResourceManager : found /templates/macros/json/message.vm with loader org.apache.velocity.runtime.resource.loader.ClasspathResourceLoader
2022-06-30 01:16:43,541 - Velocimacro : added VM includeSteps: source=/templates/macros/json/steps.vm
2022-06-30 01:16:43,541 - ResourceManager : found /templates/macros/json/steps.vm with loader org.apache.velocity.runtime.resource.loader.ClasspathResourceLoader
2022-06-30 01:16:43,542 - Velocimacro : added VM includeStepName: source=/templates/macros/json/stepName.vm
2022-06-30 01:16:43,542 - ResourceManager : found /templates/macros/json/stepName.vm with loader org.apache.velocity.runtime.resource.loader.ClasspathResourceLoader
2022-06-30 01:16:43,543 - Velocimacro : added VM includeTags: source=/templates/macros/json/tags.vm
2022-06-30 01:16:43,543 - ResourceManager : found /templates/macros/json/tags.vm with loader org.apache.velocity.runtime.resource.loader.ClasspathResourceLoader
2022-06-30 01:16:43,547 - VM #includeNavigation: too few arguments to macro. Wanted 1 got 0
2022-06-30 01:16:43,547 - Left side ($active_tab) of '==' operation has null value. If it is a reference, it may not be in the context or its toString() returned null. /templates/macros/page/navigation.vm[line 14, column 51]
2022-06-30 01:16:43,547 - Left side ($active_tab) of '==' operation has null value. If it is a reference, it may not be in the context or its toString() returned null. /templates/macros/page/navigation.vm[line 15, column 51]
2022-06-30 01:16:43,547 - Left side ($active_tab) of '==' operation has null value. If it is a reference, it may not be in the context or its toString() returned null. /templates/macros/page/navigation.vm[line 16, column 51]
2022-06-30 01:16:43,547 - Left side ($active_tab) of '==' operation has null value. If it is a reference, it may not be in the context or its toString() returned null. /templates/macros/page/navigation.vm[line 20, column 51]
2022-06-30 01:16:43,560 - ResourceManager : found /templates/footer.vm with loader org.apache.velocity.runtime.resource.loader.ClasspathResourceLoader
2022-06-30 01:17:45,128 - Log4JLogChute initialized using file 'target/velocity.log'
2022-06-30 01:17:45,128 - Initializing Velocity, Calling init()...
2022-06-30 01:17:45,128 - Starting Apache Velocity v1.7 (compiled: 2010-11-19 12:14:37)
2022-06-30 01:17:45,128 - Default Properties File: org/apache/velocity/runtime/defaults/velocity.properties
2022-06-30 01:17:45,128 - Trying to use logger class org.apache.velocity.runtime.log.AvalonLogChute
2022-06-30 01:17:45,128 - Target log system for org.apache.velocity.runtime.log.AvalonLogChute is not available (java.lang.NoClassDefFoundError: org/apache/log/format/Formatter).  Falling back to next log system...
2022-06-30 01:17:45,128 - Trying to use logger class org.apache.velocity.runtime.log.Log4JLogChute
2022-06-30 01:17:45,128 - Using logger class org.apache.velocity.runtime.log.Log4JLogChute
2022-06-30 01:17:45,130 - ResourceLoader instantiated: org.apache.velocity.runtime.resource.loader.ClasspathResourceLoader
2022-06-30 01:17:45,135 - ResourceCache: initialized (class org.apache.velocity.runtime.resource.ResourceCacheImpl) with class java.util.Collections$SynchronizedMap cache map.
2022-06-30 01:17:45,136 - Loaded System Directive: org.apache.velocity.runtime.directive.Stop
2022-06-30 01:17:45,137 - Loaded System Directive: org.apache.velocity.runtime.directive.Define
2022-06-30 01:17:45,137 - Loaded System Directive: org.apache.velocity.runtime.directive.Break
2022-06-30 01:17:45,137 - Loaded System Directive: org.apache.velocity.runtime.directive.Evaluate
2022-06-30 01:17:45,138 - Loaded System Directive: org.apache.velocity.runtime.directive.Literal
2022-06-30 01:17:45,138 - Loaded System Directive: org.apache.velocity.runtime.directive.Macro
2022-06-30 01:17:45,139 - Loaded System Directive: org.apache.velocity.runtime.directive.Parse
2022-06-30 01:17:45,140 - Loaded System Directive: org.apache.velocity.runtime.directive.Include
2022-06-30 01:17:45,140 - Loaded System Directive: org.apache.velocity.runtime.directive.Foreach
2022-06-30 01:17:45,154 - Created '20' parsers.
2022-06-30 01:17:45,156 - Velocimacro : "velocimacro.library" is not set.  Trying default library: VM_global_library.vm
2022-06-30 01:17:45,156 - Could not load resource 'VM_global_library.vm' from ResourceLoader org.apache.velocity.runtime.resource.loader.ClasspathResourceLoader: ClasspathResourceLoader Error: cannot find resource VM_global_library.vm
2022-06-30 01:17:45,156 - Velocimacro : Default library not found.
2022-06-30 01:17:45,156 - Velocimacro : allowInline = true : VMs can be defined inline in templates
2022-06-30 01:17:45,156 - Velocimacro : allowInlineToOverride = false : VMs defined inline may NOT replace previous VM definitions
2022-06-30 01:17:45,156 - Velocimacro : allowInlineLocal = false : VMs defined inline will be global in scope if allowed.
2022-06-30 01:17:45,156 - Velocimacro : autoload off : VM system will not automatically reload global library macros
2022-06-30 01:17:45,204 - ResourceManager : found templates/generators/errorpage.vm with loader org.apache.velocity.runtime.resource.loader.ClasspathResourceLoader
2022-06-30 01:17:45,207 - ResourceManager : found /templates/headers.vm with loader org.apache.velocity.runtime.resource.loader.ClasspathResourceLoader
2022-06-30 01:17:45,208 - ResourceManager : found /templates/head.vm with loader org.apache.velocity.runtime.resource.loader.ClasspathResourceLoader
2022-06-30 01:17:45,209 - Velocimacro : added VM stringArray: source=/templates/macros/array.js.vm
2022-06-30 01:17:45,209 - Velocimacro : added VM numberArray: source=/templates/macros/array.js.vm
2022-06-30 01:17:45,209 - ResourceManager : found /templates/macros/array.js.vm with loader org.apache.velocity.runtime.resource.loader.ClasspathResourceLoader
2022-06-30 01:17:45,211 - Velocimacro : added VM includeBuildInfo: source=/templates/macros/page/buildinfo.vm
2022-06-30 01:17:45,211 - ResourceManager : found /templates/macros/page/buildinfo.vm with loader org.apache.velocity.runtime.resource.loader.ClasspathResourceLoader
2022-06-30 01:17:45,213 - Velocimacro : added VM includeClassifications: source=/templates/macros/page/classifications.vm
2022-06-30 01:17:45,213 - ResourceManager : found /templates/macros/page/classifications.vm with loader org.apache.velocity.runtime.resource.loader.ClasspathResourceLoader
2022-06-30 01:17:45,214 - Velocimacro : added VM includeLead: source=/templates/macros/page/lead.vm
2022-06-30 01:17:45,214 - ResourceManager : found /templates/macros/page/lead.vm with loader org.apache.velocity.runtime.resource.loader.ClasspathResourceLoader
2022-06-30 01:17:45,215 - Velocimacro : added VM includeNavigation: source=/templates/macros/page/navigation.vm
2022-06-30 01:17:45,215 - ResourceManager : found /templates/macros/page/navigation.vm with loader org.apache.velocity.runtime.resource.loader.ClasspathResourceLoader
2022-06-30 01:17:45,217 - Velocimacro : added VM includeReportInfo: source=/templates/macros/page/reportInfo.vm
2022-06-30 01:17:45,217 - ResourceManager : found /templates/macros/page/reportInfo.vm with loader org.apache.velocity.runtime.resource.loader.ClasspathResourceLoader
2022-06-30 01:17:45,218 - Velocimacro : added VM includeTitle: source=/templates/macros/page/title.vm
2022-06-30 01:17:45,218 - ResourceManager : found /templates/macros/page/title.vm with loader org.apache.velocity.runtime.resource.loader.ClasspathResourceLoader
2022-06-30 01:17:45,219 - Velocimacro : added VM includeExpandingButtons: source=/templates/macros/report/expandAllButtons.vm
2022-06-30 01:17:45,219 - ResourceManager : found /templates/macros/report/expandAllButtons.vm with loader org.apache.velocity.runtime.resource.loader.ClasspathResourceLoader
2022-06-30 01:17:45,221 - Velocimacro : added VM includeReportTable: source=/templates/macros/report/reportTable.vm
2022-06-30 01:17:45,221 - ResourceManager : found /templates/macros/report/reportTable.vm with loader org.apache.velocity.runtime.resource.loader.ClasspathResourceLoader
2022-06-30 01:17:45,222 - Velocimacro : added VM includeReportHeader: source=/templates/macros/report/reportHeader.vm
2022-06-30 01:17:45,222 - ResourceManager : found /templates/macros/report/reportHeader.vm with loader org.apache.velocity.runtime.resource.loader.ClasspathResourceLoader
2022-06-30 01:17:45,228 - Velocimacro : added VM includeStatsTable: source=/templates/macros/report/statsTable.vm
2022-06-30 01:17:45,228 - ResourceManager : found /templates/macros/report/statsTable.vm with loader org.apache.velocity.runtime.resource.loader.ClasspathResourceLoader
2022-06-30 01:17:45,229 - Velocimacro : added VM includeBrief: source=/templates/macros/json/brief.vm
2022-06-30 01:17:45,229 - ResourceManager : found /templates/macros/json/brief.vm with loader org.apache.velocity.runtime.resource.loader.ClasspathResourceLoader
2022-06-30 01:17:45,229 - Velocimacro : added VM includeDocString: source=/templates/macros/json/docstring.vm
2022-06-30 01:17:45,229 - ResourceManager : found /templates/macros/json/docstring.vm with loader org.apache.velocity.runtime.resource.loader.ClasspathResourceLoader
2022-06-30 01:17:45,230 - Velocimacro : added VM includeDuration: source=/templates/macros/json/duration.vm
2022-06-30 01:17:45,230 - ResourceManager : found /templates/macros/json/duration.vm with loader org.apache.velocity.runtime.resource.loader.ClasspathResourceLoader
2022-06-30 01:17:45,232 - Velocimacro : added VM includeElement: source=/templates/macros/json/element.vm
2022-06-30 01:17:45,232 - ResourceManager : found /templates/macros/json/element.vm with loader org.apache.velocity.runtime.resource.loader.ClasspathResourceLoader
2022-06-30 01:17:45,238 - Velocimacro : added VM includeEmbeddings: source=/templates/macros/json/embeddings.vm
2022-06-30 01:17:45,238 - Velocimacro : added VM includeHtmlEmbedding: source=/templates/macros/json/embeddings.vm
2022-06-30 01:17:45,238 - Velocimacro : added VM includeVideoEmbedding: source=/templates/macros/json/embeddings.vm
2022-06-30 01:17:45,238 - Velocimacro : added VM includeImageEmbedding: source=/templates/macros/json/embeddings.vm
2022-06-30 01:17:45,238 - Velocimacro : added VM includeImageReferenceEmbedding: source=/templates/macros/json/embeddings.vm
2022-06-30 01:17:45,239 - Velocimacro : added VM includeTextEmbedding: source=/templates/macros/json/embeddings.vm
2022-06-30 01:17:45,239 - Velocimacro : added VM includeUnknownEmbedding: source=/templates/macros/json/embeddings.vm
2022-06-30 01:17:45,239 - ResourceManager : found /templates/macros/json/embeddings.vm with loader org.apache.velocity.runtime.resource.loader.ClasspathResourceLoader
2022-06-30 01:17:45,241 - Velocimacro : added VM includeHooks: source=/templates/macros/json/hooks.vm
2022-06-30 01:17:45,241 - ResourceManager : found /templates/macros/json/hooks.vm with loader org.apache.velocity.runtime.resource.loader.ClasspathResourceLoader
2022-06-30 01:17:45,243 - Velocimacro : added VM includeOutput: source=/templates/macros/json/output.vm
2022-06-30 01:17:45,243 - ResourceManager : found /templates/macros/json/output.vm with loader org.apache.velocity.runtime.resource.loader.ClasspathResourceLoader
2022-06-30 01:17:45,244 - Velocimacro : added VM includeMessage: source=/templates/macros/json/message.vm
2022-06-30 01:17:45,244 - ResourceManager : found /templates/macros/json/message.vm with loader org.apache.velocity.runtime.resource.loader.ClasspathResourceLoader
2022-06-30 01:17:45,245 - Velocimacro : added VM includeSteps: source=/templates/macros/json/steps.vm
2022-06-30 01:17:45,246 - ResourceManager : found /templates/macros/json/steps.vm with loader org.apache.velocity.runtime.resource.loader.ClasspathResourceLoader
2022-06-30 01:17:45,246 - Velocimacro : added VM includeStepName: source=/templates/macros/json/stepName.vm
2022-06-30 01:17:45,246 - ResourceManager : found /templates/macros/json/stepName.vm with loader org.apache.velocity.runtime.resource.loader.ClasspathResourceLoader
2022-06-30 01:17:45,247 - Velocimacro : added VM includeTags: source=/templates/macros/json/tags.vm
2022-06-30 01:17:45,247 - ResourceManager : found /templates/macros/json/tags.vm with loader org.apache.velocity.runtime.resource.loader.ClasspathResourceLoader
2022-06-30 01:17:45,251 - VM #includeNavigation: too few arguments to macro. Wanted 1 got 0
2022-06-30 01:17:45,251 - Left side ($active_tab) of '==' operation has null value. If it is a reference, it may not be in the context or its toString() returned null. /templates/macros/page/navigation.vm[line 14, column 51]
2022-06-30 01:17:45,252 - Left side ($active_tab) of '==' operation has null value. If it is a reference, it may not be in the context or its toString() returned null. /templates/macros/page/navigation.vm[line 15, column 51]
2022-06-30 01:17:45,252 - Left side ($active_tab) of '==' operation has null value. If it is a reference, it may not be in the context or its toString() returned null. /templates/macros/page/navigation.vm[line 16, column 51]
2022-06-30 01:17:45,252 - Left side ($active_tab) of '==' operation has null value. If it is a reference, it may not be in the context or its toString() returned null. /templates/macros/page/navigation.vm[line 20, column 51]
2022-06-30 01:17:45,262 - ResourceManager : found /templates/footer.vm with loader org.apache.velocity.runtime.resource.loader.ClasspathResourceLoader
2022-06-30 01:25:53,969 - Log4JLogChute initialized using file 'target/velocity.log'
2022-06-30 01:25:53,969 - Initializing Velocity, Calling init()...
2022-06-30 01:25:53,969 - Starting Apache Velocity v1.7 (compiled: 2010-11-19 12:14:37)
2022-06-30 01:25:53,969 - Default Properties File: org/apache/velocity/runtime/defaults/velocity.properties
2022-06-30 01:25:53,969 - Trying to use logger class org.apache.velocity.runtime.log.AvalonLogChute
2022-06-30 01:25:53,969 - Target log system for org.apache.velocity.runtime.log.AvalonLogChute is not available (java.lang.NoClassDefFoundError: org/apache/log/format/Formatter).  Falling back to next log system...
2022-06-30 01:25:53,969 - Trying to use logger class org.apache.velocity.runtime.log.Log4JLogChute
2022-06-30 01:25:53,969 - Using logger class org.apache.velocity.runtime.log.Log4JLogChute
2022-06-30 01:25:53,970 - ResourceLoader instantiated: org.apache.velocity.runtime.resource.loader.ClasspathResourceLoader
2022-06-30 01:25:53,975 - ResourceCache: initialized (class org.apache.velocity.runtime.resource.ResourceCacheImpl) with class java.util.Collections$SynchronizedMap cache map.
2022-06-30 01:25:53,976 - Loaded System Directive: org.apache.velocity.runtime.directive.Stop
2022-06-30 01:25:53,976 - Loaded System Directive: org.apache.velocity.runtime.directive.Define
2022-06-30 01:25:53,977 - Loaded System Directive: org.apache.velocity.runtime.directive.Break
2022-06-30 01:25:53,977 - Loaded System Directive: org.apache.velocity.runtime.directive.Evaluate
2022-06-30 01:25:53,977 - Loaded System Directive: org.apache.velocity.runtime.directive.Literal
2022-06-30 01:25:53,978 - Loaded System Directive: org.apache.velocity.runtime.directive.Macro
2022-06-30 01:25:53,978 - Loaded System Directive: org.apache.velocity.runtime.directive.Parse
2022-06-30 01:25:53,979 - Loaded System Directive: org.apache.velocity.runtime.directive.Include
2022-06-30 01:25:53,979 - Loaded System Directive: org.apache.velocity.runtime.directive.Foreach
2022-06-30 01:25:53,992 - Created '20' parsers.
2022-06-30 01:25:53,994 - Velocimacro : "velocimacro.library" is not set.  Trying default library: VM_global_library.vm
2022-06-30 01:25:53,994 - Could not load resource 'VM_global_library.vm' from ResourceLoader org.apache.velocity.runtime.resource.loader.ClasspathResourceLoader: ClasspathResourceLoader Error: cannot find resource VM_global_library.vm
2022-06-30 01:25:53,994 - Velocimacro : Default library not found.
2022-06-30 01:25:53,994 - Velocimacro : allowInline = true : VMs can be defined inline in templates
2022-06-30 01:25:53,994 - Velocimacro : allowInlineToOverride = false : VMs defined inline may NOT replace previous VM definitions
2022-06-30 01:25:53,994 - Velocimacro : allowInlineLocal = false : VMs defined inline will be global in scope if allowed.
2022-06-30 01:25:53,994 - Velocimacro : autoload off : VM system will not automatically reload global library macros
2022-06-30 01:25:54,038 - ResourceManager : found templates/generators/errorpage.vm with loader org.apache.velocity.runtime.resource.loader.ClasspathResourceLoader
2022-06-30 01:25:54,041 - ResourceManager : found /templates/headers.vm with loader org.apache.velocity.runtime.resource.loader.ClasspathResourceLoader
2022-06-30 01:25:54,041 - ResourceManager : found /templates/head.vm with loader org.apache.velocity.runtime.resource.loader.ClasspathResourceLoader
2022-06-30 01:25:54,042 - Velocimacro : added VM stringArray: source=/templates/macros/array.js.vm
2022-06-30 01:25:54,042 - Velocimacro : added VM numberArray: source=/templates/macros/array.js.vm
2022-06-30 01:25:54,042 - ResourceManager : found /templates/macros/array.js.vm with loader org.apache.velocity.runtime.resource.loader.ClasspathResourceLoader
2022-06-30 01:25:54,044 - Velocimacro : added VM includeBuildInfo: source=/templates/macros/page/buildinfo.vm
2022-06-30 01:25:54,044 - ResourceManager : found /templates/macros/page/buildinfo.vm with loader org.apache.velocity.runtime.resource.loader.ClasspathResourceLoader
2022-06-30 01:25:54,045 - Velocimacro : added VM includeClassifications: source=/templates/macros/page/classifications.vm
2022-06-30 01:25:54,045 - ResourceManager : found /templates/macros/page/classifications.vm with loader org.apache.velocity.runtime.resource.loader.ClasspathResourceLoader
2022-06-30 01:25:54,046 - Velocimacro : added VM includeLead: source=/templates/macros/page/lead.vm
2022-06-30 01:25:54,046 - ResourceManager : found /templates/macros/page/lead.vm with loader org.apache.velocity.runtime.resource.loader.ClasspathResourceLoader
2022-06-30 01:25:54,048 - Velocimacro : added VM includeNavigation: source=/templates/macros/page/navigation.vm
2022-06-30 01:25:54,048 - ResourceManager : found /templates/macros/page/navigation.vm with loader org.apache.velocity.runtime.resource.loader.ClasspathResourceLoader
2022-06-30 01:25:54,049 - Velocimacro : added VM includeReportInfo: source=/templates/macros/page/reportInfo.vm
2022-06-30 01:25:54,049 - ResourceManager : found /templates/macros/page/reportInfo.vm with loader org.apache.velocity.runtime.resource.loader.ClasspathResourceLoader
2022-06-30 01:25:54,050 - Velocimacro : added VM includeTitle: source=/templates/macros/page/title.vm
2022-06-30 01:25:54,050 - ResourceManager : found /templates/macros/page/title.vm with loader org.apache.velocity.runtime.resource.loader.ClasspathResourceLoader
2022-06-30 01:25:54,050 - Velocimacro : added VM includeExpandingButtons: source=/templates/macros/report/expandAllButtons.vm
2022-06-30 01:25:54,050 - ResourceManager : found /templates/macros/report/expandAllButtons.vm with loader org.apache.velocity.runtime.resource.loader.ClasspathResourceLoader
2022-06-30 01:25:54,053 - Velocimacro : added VM includeReportTable: source=/templates/macros/report/reportTable.vm
2022-06-30 01:25:54,053 - ResourceManager : found /templates/macros/report/reportTable.vm with loader org.apache.velocity.runtime.resource.loader.ClasspathResourceLoader
2022-06-30 01:25:54,054 - Velocimacro : added VM includeReportHeader: source=/templates/macros/report/reportHeader.vm
2022-06-30 01:25:54,054 - ResourceManager : found /templates/macros/report/reportHeader.vm with loader org.apache.velocity.runtime.resource.loader.ClasspathResourceLoader
2022-06-30 01:25:54,057 - Velocimacro : added VM includeStatsTable: source=/templates/macros/report/statsTable.vm
2022-06-30 01:25:54,057 - ResourceManager : found /templates/macros/report/statsTable.vm with loader org.apache.velocity.runtime.resource.loader.ClasspathResourceLoader
2022-06-30 01:25:54,058 - Velocimacro : added VM includeBrief: source=/templates/macros/json/brief.vm
2022-06-30 01:25:54,058 - ResourceManager : found /templates/macros/json/brief.vm with loader org.apache.velocity.runtime.resource.loader.ClasspathResourceLoader
2022-06-30 01:25:54,059 - Velocimacro : added VM includeDocString: source=/templates/macros/json/docstring.vm
2022-06-30 01:25:54,059 - ResourceManager : found /templates/macros/json/docstring.vm with loader org.apache.velocity.runtime.resource.loader.ClasspathResourceLoader
2022-06-30 01:25:54,060 - Velocimacro : added VM includeDuration: source=/templates/macros/json/duration.vm
2022-06-30 01:25:54,060 - ResourceManager : found /templates/macros/json/duration.vm with loader org.apache.velocity.runtime.resource.loader.ClasspathResourceLoader
2022-06-30 01:25:54,061 - Velocimacro : added VM includeElement: source=/templates/macros/json/element.vm
2022-06-30 01:25:54,061 - ResourceManager : found /templates/macros/json/element.vm with loader org.apache.velocity.runtime.resource.loader.ClasspathResourceLoader
2022-06-30 01:25:54,067 - Velocimacro : added VM includeEmbeddings: source=/templates/macros/json/embeddings.vm
2022-06-30 01:25:54,068 - Velocimacro : added VM includeHtmlEmbedding: source=/templates/macros/json/embeddings.vm
2022-06-30 01:25:54,068 - Velocimacro : added VM includeVideoEmbedding: source=/templates/macros/json/embeddings.vm
2022-06-30 01:25:54,068 - Velocimacro : added VM includeImageEmbedding: source=/templates/macros/json/embeddings.vm
2022-06-30 01:25:54,068 - Velocimacro : added VM includeImageReferenceEmbedding: source=/templates/macros/json/embeddings.vm
2022-06-30 01:25:54,068 - Velocimacro : added VM includeTextEmbedding: source=/templates/macros/json/embeddings.vm
2022-06-30 01:25:54,068 - Velocimacro : added VM includeUnknownEmbedding: source=/templates/macros/json/embeddings.vm
2022-06-30 01:25:54,068 - ResourceManager : found /templates/macros/json/embeddings.vm with loader org.apache.velocity.runtime.resource.loader.ClasspathResourceLoader
2022-06-30 01:25:54,070 - Velocimacro : added VM includeHooks: source=/templates/macros/json/hooks.vm
2022-06-30 01:25:54,070 - ResourceManager : found /templates/macros/json/hooks.vm with loader org.apache.velocity.runtime.resource.loader.ClasspathResourceLoader
2022-06-30 01:25:54,071 - Velocimacro : added VM includeOutput: source=/templates/macros/json/output.vm
2022-06-30 01:25:54,071 - ResourceManager : found /templates/macros/json/output.vm with loader org.apache.velocity.runtime.resource.loader.ClasspathResourceLoader
2022-06-30 01:25:54,072 - Velocimacro : added VM includeMessage: source=/templates/macros/json/message.vm
2022-06-30 01:25:54,072 - ResourceManager : found /templates/macros/json/message.vm with loader org.apache.velocity.runtime.resource.loader.ClasspathResourceLoader
2022-06-30 01:25:54,073 - Velocimacro : added VM includeSteps: source=/templates/macros/json/steps.vm
2022-06-30 01:25:54,073 - ResourceManager : found /templates/macros/json/steps.vm with loader org.apache.velocity.runtime.resource.loader.ClasspathResourceLoader
2022-06-30 01:25:54,074 - Velocimacro : added VM includeStepName: source=/templates/macros/json/stepName.vm
2022-06-30 01:25:54,074 - ResourceManager : found /templates/macros/json/stepName.vm with loader org.apache.velocity.runtime.resource.loader.ClasspathResourceLoader
2022-06-30 01:25:54,074 - Velocimacro : added VM includeTags: source=/templates/macros/json/tags.vm
2022-06-30 01:25:54,075 - ResourceManager : found /templates/macros/json/tags.vm with loader org.apache.velocity.runtime.resource.loader.ClasspathResourceLoader
2022-06-30 01:25:54,079 - VM #includeNavigation: too few arguments to macro. Wanted 1 got 0
2022-06-30 01:25:54,079 - Left side ($active_tab) of '==' operation has null value. If it is a reference, it may not be in the context or its toString() returned null. /templates/macros/page/navigation.vm[line 14, column 51]
2022-06-30 01:25:54,079 - Left side ($active_tab) of '==' operation has null value. If it is a reference, it may not be in the context or its toString() returned null. /templates/macros/page/navigation.vm[line 15, column 51]
2022-06-30 01:25:54,079 - Left side ($active_tab) of '==' operation has null value. If it is a reference, it may not be in the context or its toString() returned null. /templates/macros/page/navigation.vm[line 16, column 51]
2022-06-30 01:25:54,079 - Left side ($active_tab) of '==' operation has null value. If it is a reference, it may not be in the context or its toString() returned null. /templates/macros/page/navigation.vm[line 20, column 51]
2022-06-30 01:25:54,089 - ResourceManager : found /templates/footer.vm with loader org.apache.velocity.runtime.resource.loader.ClasspathResourceLoader
